Added Component: Designator=C1(CAPC0805(2012)100_L)
Added Component: Designator=C2(CAPC0402(1005)60_L)
Added Component: Designator=C3(CAPC0805(2012)100_L)
Added Component: Designator=J1(2.1MM JACK)
Added Component: Designator=Q1(SOT-223)
Added Component: Designator=Q2(SOT-223)
Added Component: Designator=Q3(SOT-223)
Added Component: Designator=R1(RESC0402(1005)_L)
Added Component: Designator=R2(RESC0402(1005)_L)
Added Component: Designator=R3(RESC0402(1005)_L)
Added Component: Designator=U1(TEENSY3.1)
Added Component: Designator=U2(SOT-89_L)
Added Pin To Net: NetName=+5 Pin=C2-2
Added Pin To Net: NetName=+5 Pin=C3-2
Added Pin To Net: NetName=+5 Pin=U1-26
Added Pin To Net: NetName=+5 Pin=U2-1
Added Net: Name=+5
Added Pin To Net: NetName=+12 Pin=C1-2
Added Pin To Net: NetName=+12 Pin=J1-1
Added Pin To Net: NetName=+12 Pin=Q1-2
Added Pin To Net: NetName=+12 Pin=Q1-2
Added Pin To Net: NetName=+12 Pin=Q2-2
Added Pin To Net: NetName=+12 Pin=Q2-2
Added Pin To Net: NetName=+12 Pin=Q3-2
Added Pin To Net: NetName=+12 Pin=Q3-2
Added Pin To Net: NetName=+12 Pin=U2-3
Added Net: Name=+12
Added Pin To Net: NetName=BLUE Pin=Q3-1
Added Pin To Net: NetName=BLUE Pin=R2-2
Added Pin To Net: NetName=BLUE Pin=U1-5
Added Net: Name=BLUE
Added Pin To Net: NetName=GND Pin=C1-1
Added Pin To Net: NetName=GND Pin=C2-1
Added Pin To Net: NetName=GND Pin=C3-1
Added Pin To Net: NetName=GND Pin=J1-2
Added Pin To Net: NetName=GND Pin=Q1-3
Added Pin To Net: NetName=GND Pin=Q2-3
Added Pin To Net: NetName=GND Pin=Q3-3
Added Pin To Net: NetName=GND Pin=R1-1
Added Pin To Net: NetName=GND Pin=R2-1
Added Pin To Net: NetName=GND Pin=R3-1
Added Pin To Net: NetName=GND Pin=U1-27
Added Pin To Net: NetName=GND Pin=U2-2
Added Pin To Net: NetName=GND Pin=U2-2
Added Net: Name=GND
Added Pin To Net: NetName=GREEN Pin=Q1-1
Added Pin To Net: NetName=GREEN Pin=R3-2
Added Pin To Net: NetName=GREEN Pin=U1-6
Added Net: Name=GREEN
Added Pin To Net: NetName=RED Pin=Q2-1
Added Pin To Net: NetName=RED Pin=R1-2
Added Pin To Net: NetName=RED Pin=U1-3
Added Net: Name=RED
Added Class: Name=Sheet1
